{"/home/dante/Documents/Programming/nodejs/commit-cli/lib/parse.js":{"path":"/home/dante/Documents/Programming/nodejs/commit-cli/lib/parse.js","s":{"1":1,"2":1,"3":2,"4":2,"5":2,"6":2,"7":2,"8":1},"b":{"1":[2,1]},"f":{"1":2,"2":2},"fnMap":{"1":{"name":"(anonymous_1)","line":4,"loc":{"start":{"line":4,"column":17},"end":{"line":4,"column":33}}},"2":{"name":"(anonymous_2)","line":8,"loc":{"start":{"line":8,"column":23},"end":{"line":8,"column":40}}}},"statementMap":{"1":{"start":{"line":2,"column":0},"end":{"line":2,"column":33}},"2":{"start":{"line":4,"column":0},"end":{"line":14,"column":2}},"3":{"start":{"line":5,"column":4},"end":{"line":5,"column":23}},"4":{"start":{"line":6,"column":4},"end":{"line":6,"column":31}},"5":{"start":{"line":7,"column":4},"end":{"line":7,"column":33}},"6":{"start":{"line":8,"column":4},"end":{"line":13,"column":7}},"7":{"start":{"line":9,"column":8},"end":{"line":12,"column":11}},"8":{"start":{"line":17,"column":0},"end":{"line":19,"column":2}}},"branchMap":{"1":{"line":11,"type":"binary-expr","locations":[{"start":{"line":11,"column":19},"end":{"line":11,"column":24}},{"start":{"line":11,"column":28},"end":{"line":11,"column":31}}]}}},"/home/dante/Documents/Programming/nodejs/commit-cli/lib/git.js":{"path":"/home/dante/Documents/Programming/nodejs/commit-cli/lib/git.js","s":{"1":4,"2":4,"3":4,"4":2,"5":2,"6":2,"7":1,"8":1,"9":4,"10":2,"11":2,"12":2,"13":1,"14":1,"15":4},"b":{"1":[1,1],"2":[1,1]},"f":{"1":2,"2":2,"3":2,"4":2,"5":2,"6":2},"fnMap":{"1":{"name":"(anonymous_1)","line":5,"loc":{"start":{"line":5,"column":10},"end":{"line":5,"column":25}}},"2":{"name":"(anonymous_2)","line":6,"loc":{"start":{"line":6,"column":23},"end":{"line":6,"column":48}}},"3":{"name":"(anonymous_3)","line":7,"loc":{"start":{"line":7,"column":33},"end":{"line":7,"column":46}}},"4":{"name":"(anonymous_4)","line":18,"loc":{"start":{"line":18,"column":13},"end":{"line":18,"column":30}}},"5":{"name":"(anonymous_5)","line":19,"loc":{"start":{"line":19,"column":23},"end":{"line":19,"column":48}}},"6":{"name":"(anonymous_6)","line":20,"loc":{"start":{"line":20,"column":41},"end":{"line":20,"column":54}}}},"statementMap":{"1":{"start":{"line":2,"column":0},"end":{"line":2,"column":33}},"2":{"start":{"line":3,"column":0},"end":{"line":3,"column":41}},"3":{"start":{"line":5,"column":0},"end":{"line":16,"column":2}},"4":{"start":{"line":6,"column":4},"end":{"line":15,"column":7}},"5":{"start":{"line":7,"column":8},"end":{"line":14,"column":11}},"6":{"start":{"line":8,"column":12},"end":{"line":13,"column":13}},"7":{"start":{"line":9,"column":16},"end":{"line":9,"column":28}},"8":{"start":{"line":12,"column":16},"end":{"line":12,"column":26}},"9":{"start":{"line":18,"column":0},"end":{"line":29,"column":2}},"10":{"start":{"line":19,"column":4},"end":{"line":28,"column":7}},"11":{"start":{"line":20,"column":8},"end":{"line":27,"column":11}},"12":{"start":{"line":21,"column":12},"end":{"line":26,"column":13}},"13":{"start":{"line":22,"column":16},"end":{"line":22,"column":28}},"14":{"start":{"line":25,"column":16},"end":{"line":25,"column":26}},"15":{"start":{"line":31,"column":0},"end":{"line":34,"column":2}}},"branchMap":{"1":{"line":8,"type":"if","locations":[{"start":{"line":8,"column":12},"end":{"line":8,"column":12}},{"start":{"line":8,"column":12},"end":{"line":8,"column":12}}]},"2":{"line":21,"type":"if","locations":[{"start":{"line":21,"column":12},"end":{"line":21,"column":12}},{"start":{"line":21,"column":12},"end":{"line":21,"column":12}}]}}}}