{"/home/dante/Documents/Programming/nodejs/commit-cli/lib/parse.js":{"path":"/home/dante/Documents/Programming/nodejs/commit-cli/lib/parse.js","s":{"1":1,"2":1,"3":1,"4":1,"5":1,"6":1,"7":1,"8":1},"b":{"1":[1,0]},"f":{"1":1,"2":1},"fnMap":{"1":{"name":"(anonymous_1)","line":4,"loc":{"start":{"line":4,"column":17},"end":{"line":4,"column":33}}},"2":{"name":"(anonymous_2)","line":8,"loc":{"start":{"line":8,"column":23},"end":{"line":8,"column":40}}}},"statementMap":{"1":{"start":{"line":2,"column":0},"end":{"line":2,"column":33}},"2":{"start":{"line":4,"column":0},"end":{"line":14,"column":2}},"3":{"start":{"line":5,"column":4},"end":{"line":5,"column":23}},"4":{"start":{"line":6,"column":4},"end":{"line":6,"column":31}},"5":{"start":{"line":7,"column":4},"end":{"line":7,"column":33}},"6":{"start":{"line":8,"column":4},"end":{"line":13,"column":7}},"7":{"start":{"line":9,"column":8},"end":{"line":12,"column":11}},"8":{"start":{"line":17,"column":0},"end":{"line":19,"column":2}}},"branchMap":{"1":{"line":11,"type":"cond-expr","locations":[{"start":{"line":11,"column":40},"end":{"line":11,"column":45}},{"start":{"line":11,"column":48},"end":{"line":11,"column":57}}]}}},"/home/dante/Documents/Programming/nodejs/commit-cli/lib/git.js":{"path":"/home/dante/Documents/Programming/nodejs/commit-cli/lib/git.js","s":{"1":4,"2":4,"3":4,"4":2,"5":2,"6":2,"7":1,"8":1,"9":4,"10":2,"11":2,"12":2,"13":1,"14":1,"15":4},"b":{"1":[1,1],"2":[1,1]},"f":{"1":2,"2":2,"3":2,"4":2,"5":2,"6":2},"fnMap":{"1":{"name":"(anonymous_1)","line":5,"loc":{"start":{"line":5,"column":10},"end":{"line":5,"column":25}}},"2":{"name":"(anonymous_2)","line":6,"loc":{"start":{"line":6,"column":23},"end":{"line":6,"column":48}}},"3":{"name":"(anonymous_3)","line":7,"loc":{"start":{"line":7,"column":33},"end":{"line":7,"column":46}}},"4":{"name":"(anonymous_4)","line":18,"loc":{"start":{"line":18,"column":13},"end":{"line":18,"column":30}}},"5":{"name":"(anonymous_5)","line":19,"loc":{"start":{"line":19,"column":23},"end":{"line":19,"column":48}}},"6":{"name":"(anonymous_6)","line":20,"loc":{"start":{"line":20,"column":50},"end":{"line":20,"column":63}}}},"statementMap":{"1":{"start":{"line":2,"column":0},"end":{"line":2,"column":33}},"2":{"start":{"line":3,"column":0},"end":{"line":3,"column":41}},"3":{"start":{"line":5,"column":0},"end":{"line":16,"column":2}},"4":{"start":{"line":6,"column":4},"end":{"line":15,"column":7}},"5":{"start":{"line":7,"column":8},"end":{"line":14,"column":11}},"6":{"start":{"line":8,"column":12},"end":{"line":13,"column":13}},"7":{"start":{"line":9,"column":16},"end":{"line":9,"column":28}},"8":{"start":{"line":12,"column":16},"end":{"line":12,"column":26}},"9":{"start":{"line":18,"column":0},"end":{"line":29,"column":2}},"10":{"start":{"line":19,"column":4},"end":{"line":28,"column":7}},"11":{"start":{"line":20,"column":8},"end":{"line":27,"column":11}},"12":{"start":{"line":21,"column":12},"end":{"line":26,"column":13}},"13":{"start":{"line":22,"column":16},"end":{"line":22,"column":28}},"14":{"start":{"line":25,"column":16},"end":{"line":25,"column":26}},"15":{"start":{"line":31,"column":0},"end":{"line":34,"column":2}}},"branchMap":{"1":{"line":8,"type":"if","locations":[{"start":{"line":8,"column":12},"end":{"line":8,"column":12}},{"start":{"line":8,"column":12},"end":{"line":8,"column":12}}]},"2":{"line":21,"type":"if","locations":[{"start":{"line":21,"column":12},"end":{"line":21,"column":12}},{"start":{"line":21,"column":12},"end":{"line":21,"column":12}}]}}},"/home/dante/Documents/Programming/nodejs/commit-cli/lib/prompt.js":{"path":"/home/dante/Documents/Programming/nodejs/commit-cli/lib/prompt.js","s":{"1":2,"2":2,"3":2,"4":2,"5":2,"6":0,"7":0,"8":2,"9":2},"b":{"1":[2,1],"2":[2,1]},"f":{"1":2,"2":2,"3":0,"4":0,"5":2},"fnMap":{"1":{"name":"(anonymous_1)","line":5,"loc":{"start":{"line":5,"column":16},"end":{"line":5,"column":41}}},"2":{"name":"(anonymous_2)","line":7,"loc":{"start":{"line":7,"column":23},"end":{"line":7,"column":40}}},"3":{"name":"(anonymous_3)","line":10,"loc":{"start":{"line":10,"column":22},"end":{"line":10,"column":32}}},"4":{"name":"(anonymous_4)","line":18,"loc":{"start":{"line":18,"column":22},"end":{"line":18,"column":32}}},"5":{"name":"(anonymous_5)","line":26,"loc":{"start":{"line":26,"column":11},"end":{"line":26,"column":28}}}},"statementMap":{"1":{"start":{"line":2,"column":0},"end":{"line":2,"column":30}},"2":{"start":{"line":3,"column":0},"end":{"line":3,"column":33}},"3":{"start":{"line":5,"column":0},"end":{"line":33,"column":2}},"4":{"start":{"line":7,"column":4},"end":{"line":32,"column":7}},"5":{"start":{"line":8,"column":8},"end":{"line":31,"column":11}},"6":{"start":{"line":11,"column":20},"end":{"line":11,"column":65}},"7":{"start":{"line":19,"column":20},"end":{"line":19,"column":67}},"8":{"start":{"line":27,"column":12},"end":{"line":30,"column":15}},"9":{"start":{"line":35,"column":0},"end":{"line":37,"column":2}}},"branchMap":{"1":{"line":28,"type":"binary-expr","locations":[{"start":{"line":28,"column":23},"end":{"line":28,"column":44}},{"start":{"line":28,"column":48},"end":{"line":28,"column":61}}]},"2":{"line":29,"type":"binary-expr","locations":[{"start":{"line":29,"column":25},"end":{"line":29,"column":48}},{"start":{"line":29,"column":52},"end":{"line":29,"column":67}}]}}}}