TN:
SF:/home/dante/Documents/Programming/nodejs/commit-cli/lib/parse.js
FN:4,(anonymous_1)
FN:8,(anonymous_2)
FNF:2
FNH:2
FNDA:1,(anonymous_1)
FNDA:1,(anonymous_2)
DA:2,1
DA:4,1
DA:5,1
DA:6,1
DA:7,1
DA:8,1
DA:9,1
DA:17,1
LF:8
LH:8
BRDA:11,1,0,1
BRDA:11,1,1,0
BRF:2
BRH:1
end_of_record
TN:
SF:/home/dante/Documents/Programming/nodejs/commit-cli/lib/git.js
FN:5,(anonymous_1)
FN:6,(anonymous_2)
FN:7,(anonymous_3)
FN:18,(anonymous_4)
FN:19,(anonymous_5)
FN:20,(anonymous_6)
FN:31,(anonymous_7)
FN:32,(anonymous_8)
FN:33,(anonymous_9)
FNF:9
FNH:9
FNDA:2,(anonymous_1)
FNDA:2,(anonymous_2)
FNDA:2,(anonymous_3)
FNDA:2,(anonymous_4)
FNDA:2,(anonymous_5)
FNDA:2,(anonymous_6)
FNDA:2,(anonymous_7)
FNDA:2,(anonymous_8)
FNDA:2,(anonymous_9)
DA:2,6
DA:3,6
DA:5,6
DA:6,2
DA:7,2
DA:8,2
DA:9,1
DA:12,1
DA:18,6
DA:19,2
DA:20,2
DA:21,2
DA:22,1
DA:25,1
DA:31,6
DA:32,2
DA:33,2
DA:34,2
DA:35,1
DA:38,1
DA:44,6
LF:21
LH:21
BRDA:8,1,0,1
BRDA:8,1,1,1
BRDA:21,2,0,1
BRDA:21,2,1,1
BRDA:34,3,0,1
BRDA:34,3,1,1
BRF:6
BRH:6
end_of_record
TN:
SF:/home/dante/Documents/Programming/nodejs/commit-cli/lib/prompt.js
FN:5,(anonymous_1)
FN:7,(anonymous_2)
FN:10,(anonymous_3)
FN:19,(anonymous_4)
FN:26,(anonymous_5)
FNF:5
FNH:3
FNDA:2,(anonymous_1)
FNDA:2,(anonymous_2)
FNDA:0,(anonymous_3)
FNDA:0,(anonymous_4)
FNDA:2,(anonymous_5)
DA:2,2
DA:3,2
DA:5,2
DA:7,2
DA:8,2
DA:11,0
DA:20,0
DA:27,2
DA:35,2
LF:9
LH:7
BRDA:28,1,0,2
BRDA:28,1,1,1
BRDA:29,2,0,2
BRDA:29,2,1,1
BRF:4
BRH:4
end_of_record
