TN:
SF:/home/dante/Documents/Programming/nodejs/commit-cli/lib/parse.js
FN:4,(anonymous_1)
FN:8,(anonymous_2)
FNF:2
FNH:2
FNDA:1,(anonymous_1)
FNDA:1,(anonymous_2)
DA:2,1
DA:4,1
DA:5,1
DA:6,1
DA:7,1
DA:8,1
DA:9,1
DA:17,1
LF:8
LH:8
BRDA:11,1,0,1
BRDA:11,1,1,0
BRF:2
BRH:1
end_of_record
TN:
SF:/home/dante/Documents/Programming/nodejs/commit-cli/lib/git.js
FN:6,(anonymous_1)
FN:7,(anonymous_2)
FN:8,(anonymous_3)
FN:19,(anonymous_4)
FN:20,(anonymous_5)
FN:21,(anonymous_6)
FN:32,(anonymous_7)
FN:33,(anonymous_8)
FN:34,(anonymous_9)
FN:45,(anonymous_10)
FN:46,(anonymous_11)
FN:47,(anonymous_12)
FN:65,(anonymous_13)
FN:66,(anonymous_14)
FN:67,(anonymous_15)
FNF:15
FNH:15
FNDA:2,(anonymous_1)
FNDA:2,(anonymous_2)
FNDA:2,(anonymous_3)
FNDA:2,(anonymous_4)
FNDA:2,(anonymous_5)
FNDA:2,(anonymous_6)
FNDA:2,(anonymous_7)
FNDA:2,(anonymous_8)
FNDA:2,(anonymous_9)
FNDA:3,(anonymous_10)
FNDA:3,(anonymous_11)
FNDA:3,(anonymous_12)
FNDA:1,(anonymous_13)
FNDA:1,(anonymous_14)
FNDA:1,(anonymous_15)
DA:2,10
DA:3,10
DA:4,10
DA:6,10
DA:7,2
DA:8,2
DA:9,2
DA:10,1
DA:13,1
DA:19,10
DA:20,2
DA:21,2
DA:22,2
DA:23,1
DA:26,1
DA:32,10
DA:33,2
DA:34,2
DA:35,2
DA:36,1
DA:39,1
DA:45,10
DA:46,3
DA:47,3
DA:48,3
DA:49,1
DA:52,2
DA:53,2
DA:54,2
DA:55,1
DA:58,1
DA:65,10
DA:66,1
DA:67,1
DA:68,1
DA:69,0
DA:72,1
DA:73,1
DA:74,1
DA:75,1
DA:76,1
DA:82,10
LF:42
LH:41
BRDA:9,1,0,1
BRDA:9,1,1,1
BRDA:22,2,0,1
BRDA:22,2,1,1
BRDA:35,3,0,1
BRDA:35,3,1,1
BRDA:48,4,0,1
BRDA:48,4,1,2
BRDA:54,5,0,1
BRDA:54,5,1,1
BRDA:68,6,0,0
BRDA:68,6,1,1
BRF:12
BRH:11
end_of_record
TN:
SF:/home/dante/Documents/Programming/nodejs/commit-cli/lib/prompt.js
FN:5,(anonymous_1)
FN:7,(anonymous_2)
FN:10,(anonymous_3)
FN:19,(anonymous_4)
FN:26,(anonymous_5)
FNF:5
FNH:3
FNDA:2,(anonymous_1)
FNDA:2,(anonymous_2)
FNDA:0,(anonymous_3)
FNDA:0,(anonymous_4)
FNDA:2,(anonymous_5)
DA:2,2
DA:3,2
DA:5,2
DA:7,2
DA:8,2
DA:11,0
DA:20,0
DA:27,2
DA:35,2
LF:9
LH:7
BRDA:28,1,0,2
BRDA:28,1,1,1
BRDA:29,2,0,2
BRDA:29,2,1,1
BRF:4
BRH:4
end_of_record
